{"/mnt/c/Users/ashjan/ltuc/401/data-structures-and-algorithms/Data-Structures/linkedList/linked-list.js": {"path":"/mnt/c/Users/ashjan/ltuc/401/data-structures-and-algorithms/Data-Structures/linkedList/linked-list.js","statementMap":{"0":{"start":{"line":5,"column":4},"end":{"line":5,"column":23}},"1":{"start":{"line":6,"column":4},"end":{"line":6,"column":21}},"2":{"start":{"line":12,"column":4},"end":{"line":12,"column":21}},"3":{"start":{"line":16,"column":17},"end":{"line":16,"column":32}},"4":{"start":{"line":17,"column":4},"end":{"line":17,"column":26}},"5":{"start":{"line":18,"column":4},"end":{"line":18,"column":21}},"6":{"start":{"line":22,"column":22},"end":{"line":22,"column":31}},"7":{"start":{"line":23,"column":4},"end":{"line":28,"column":5}},"8":{"start":{"line":24,"column":6},"end":{"line":26,"column":7}},"9":{"start":{"line":25,"column":8},"end":{"line":25,"column":20}},"10":{"start":{"line":27,"column":6},"end":{"line":27,"column":37}},"11":{"start":{"line":29,"column":4},"end":{"line":29,"column":17}},"12":{"start":{"line":34,"column":21},"end":{"line":34,"column":23}},"13":{"start":{"line":35,"column":22},"end":{"line":35,"column":31}},"14":{"start":{"line":36,"column":12},"end":{"line":36,"column":13}},"15":{"start":{"line":37,"column":4},"end":{"line":41,"column":5}},"16":{"start":{"line":38,"column":6},"end":{"line":38,"column":38}},"17":{"start":{"line":39,"column":6},"end":{"line":39,"column":10}},"18":{"start":{"line":40,"column":6},"end":{"line":40,"column":37}},"19":{"start":{"line":42,"column":17},"end":{"line":44,"column":6}},"20":{"start":{"line":43,"column":6},"end":{"line":43,"column":26}},"21":{"start":{"line":45,"column":4},"end":{"line":45,"column":28}},"22":{"start":{"line":49,"column":20},"end":{"line":49,"column":35}},"23":{"start":{"line":50,"column":4},"end":{"line":53,"column":5}},"24":{"start":{"line":51,"column":6},"end":{"line":51,"column":26}},"25":{"start":{"line":52,"column":6},"end":{"line":52,"column":13}},"26":{"start":{"line":54,"column":22},"end":{"line":54,"column":31}},"27":{"start":{"line":55,"column":4},"end":{"line":57,"column":5}},"28":{"start":{"line":56,"column":6},"end":{"line":56,"column":37}},"29":{"start":{"line":58,"column":4},"end":{"line":58,"column":31}},"30":{"start":{"line":62,"column":20},"end":{"line":62,"column":38}},"31":{"start":{"line":63,"column":22},"end":{"line":63,"column":31}},"32":{"start":{"line":64,"column":4},"end":{"line":70,"column":40}},"33":{"start":{"line":65,"column":6},"end":{"line":69,"column":7}},"34":{"start":{"line":66,"column":8},"end":{"line":66,"column":40}},"35":{"start":{"line":67,"column":8},"end":{"line":67,"column":35}},"36":{"start":{"line":68,"column":8},"end":{"line":68,"column":14}},"37":{"start":{"line":74,"column":20},"end":{"line":74,"column":38}},"38":{"start":{"line":75,"column":22},"end":{"line":75,"column":31}},"39":{"start":{"line":77,"column":4},"end":{"line":81,"column":5}},"40":{"start":{"line":78,"column":6},"end":{"line":78,"column":33}},"41":{"start":{"line":79,"column":6},"end":{"line":79,"column":26}},"42":{"start":{"line":80,"column":6},"end":{"line":80,"column":13}},"43":{"start":{"line":83,"column":4},"end":{"line":90,"column":5}},"44":{"start":{"line":84,"column":6},"end":{"line":88,"column":7}},"45":{"start":{"line":85,"column":8},"end":{"line":85,"column":40}},"46":{"start":{"line":86,"column":8},"end":{"line":86,"column":35}},"47":{"start":{"line":87,"column":8},"end":{"line":87,"column":14}},"48":{"start":{"line":89,"column":6},"end":{"line":89,"column":37}},"49":{"start":{"line":94,"column":4},"end":{"line":96,"column":5}},"50":{"start":{"line":95,"column":6},"end":{"line":95,"column":47}},"51":{"start":{"line":97,"column":14},"end":{"line":97,"column":15}},"52":{"start":{"line":98,"column":18},"end":{"line":98,"column":27}},"53":{"start":{"line":99,"column":4},"end":{"line":102,"column":5}},"54":{"start":{"line":100,"column":6},"end":{"line":100,"column":12}},"55":{"start":{"line":101,"column":6},"end":{"line":101,"column":29}},"56":{"start":{"line":103,"column":4},"end":{"line":106,"column":5}},"57":{"start":{"line":104,"column":6},"end":{"line":105,"column":77}},"58":{"start":{"line":108,"column":4},"end":{"line":108,"column":24}},"59":{"start":{"line":109,"column":4},"end":{"line":111,"column":5}},"60":{"start":{"line":109,"column":17},"end":{"line":109,"column":18}},"61":{"start":{"line":110,"column":6},"end":{"line":110,"column":29}},"62":{"start":{"line":112,"column":4},"end":{"line":112,"column":25}},"63":{"start":{"line":117,"column":0},"end":{"line":117,"column":38}}},"fnMap":{"0":{"name":"(anonymous_0)","decl":{"start":{"line":4,"column":2},"end":{"line":4,"column":3}},"loc":{"start":{"line":4,"column":21},"end":{"line":7,"column":3}},"line":4},"1":{"name":"(anonymous_1)","decl":{"start":{"line":11,"column":2},"end":{"line":11,"column":3}},"loc":{"start":{"line":11,"column":16},"end":{"line":13,"column":3}},"line":11},"2":{"name":"(anonymous_2)","decl":{"start":{"line":15,"column":2},"end":{"line":15,"column":3}},"loc":{"start":{"line":15,"column":16},"end":{"line":19,"column":3}},"line":15},"3":{"name":"(anonymous_3)","decl":{"start":{"line":21,"column":2},"end":{"line":21,"column":3}},"loc":{"start":{"line":21,"column":18},"end":{"line":31,"column":3}},"line":21},"4":{"name":"(anonymous_4)","decl":{"start":{"line":33,"column":2},"end":{"line":33,"column":3}},"loc":{"start":{"line":33,"column":13},"end":{"line":46,"column":3}},"line":33},"5":{"name":"(anonymous_5)","decl":{"start":{"line":42,"column":30},"end":{"line":42,"column":31}},"loc":{"start":{"line":42,"column":38},"end":{"line":44,"column":5}},"line":42},"6":{"name":"(anonymous_6)","decl":{"start":{"line":48,"column":2},"end":{"line":48,"column":3}},"loc":{"start":{"line":48,"column":16},"end":{"line":59,"column":3}},"line":48},"7":{"name":"(anonymous_7)","decl":{"start":{"line":61,"column":2},"end":{"line":61,"column":3}},"loc":{"start":{"line":61,"column":31},"end":{"line":71,"column":3}},"line":61},"8":{"name":"(anonymous_8)","decl":{"start":{"line":73,"column":2},"end":{"line":73,"column":3}},"loc":{"start":{"line":73,"column":32},"end":{"line":91,"column":3}},"line":73},"9":{"name":"(anonymous_9)","decl":{"start":{"line":93,"column":2},"end":{"line":93,"column":3}},"loc":{"start":{"line":93,"column":16},"end":{"line":113,"column":3}},"line":93}},"branchMap":{"0":{"loc":{"start":{"line":24,"column":6},"end":{"line":26,"column":7}},"type":"if","locations":[{"start":{"line":24,"column":6},"end":{"line":26,"column":7}},{"start":{"line":24,"column":6},"end":{"line":26,"column":7}}],"line":24},"1":{"loc":{"start":{"line":50,"column":4},"end":{"line":53,"column":5}},"type":"if","locations":[{"start":{"line":50,"column":4},"end":{"line":53,"column":5}},{"start":{"line":50,"column":4},"end":{"line":53,"column":5}}],"line":50},"2":{"loc":{"start":{"line":65,"column":6},"end":{"line":69,"column":7}},"type":"if","locations":[{"start":{"line":65,"column":6},"end":{"line":69,"column":7}},{"start":{"line":65,"column":6},"end":{"line":69,"column":7}}],"line":65},"3":{"loc":{"start":{"line":77,"column":4},"end":{"line":81,"column":5}},"type":"if","locations":[{"start":{"line":77,"column":4},"end":{"line":81,"column":5}},{"start":{"line":77,"column":4},"end":{"line":81,"column":5}}],"line":77},"4":{"loc":{"start":{"line":84,"column":6},"end":{"line":88,"column":7}},"type":"if","locations":[{"start":{"line":84,"column":6},"end":{"line":88,"column":7}},{"start":{"line":84,"column":6},"end":{"line":88,"column":7}}],"line":84},"5":{"loc":{"start":{"line":94,"column":4},"end":{"line":96,"column":5}},"type":"if","locations":[{"start":{"line":94,"column":4},"end":{"line":96,"column":5}},{"start":{"line":94,"column":4},"end":{"line":96,"column":5}}],"line":94},"6":{"loc":{"start":{"line":103,"column":4},"end":{"line":106,"column":5}},"type":"if","locations":[{"start":{"line":103,"column":4},"end":{"line":106,"column":5}},{"start":{"line":103,"column":4},"end":{"line":106,"column":5}}],"line":103}},"s":{"0":77,"1":77,"2":28,"3":16,"4":16,"5":16,"6":2,"7":2,"8":2,"9":1,"10":1,"11":1,"12":1,"13":1,"14":1,"15":1,"16":3,"17":3,"18":3,"19":1,"20":3,"21":1,"22":28,"23":28,"24":12,"25":12,"26":16,"27":16,"28":8,"29":16,"30":2,"31":2,"32":2,"33":2,"34":2,"35":2,"36":2,"37":2,"38":2,"39":2,"40":1,"41":1,"42":1,"43":1,"44":2,"45":1,"46":1,"47":1,"48":1,"49":5,"50":1,"51":4,"52":4,"53":4,"54":9,"55":9,"56":4,"57":1,"58":3,"59":3,"60":3,"61":1,"62":3,"63":3},"f":{"0":77,"1":28,"2":16,"3":2,"4":1,"5":3,"6":28,"7":2,"8":2,"9":5},"b":{"0":[1,1],"1":[12,16],"2":[2,0],"3":[1,1],"4":[1,1],"5":[1,4],"6":[1,3]},"_coverageSchema":"1a1c01bbd47fc00a2c39e90264f33305004495a9","hash":"6e15e27eb421ce81d9e72c7c9646d9d46853a0ec"}
,"/mnt/c/Users/ashjan/ltuc/401/data-structures-and-algorithms/Data-Structures/stacksAndQueues/stacks-and-queues.js": {"path":"/mnt/c/Users/ashjan/ltuc/401/data-structures-and-algorithms/Data-Structures/stacksAndQueues/stacks-and-queues.js","statementMap":{"0":{"start":{"line":9,"column":4},"end":{"line":9,"column":23}},"1":{"start":{"line":10,"column":4},"end":{"line":10,"column":21}},"2":{"start":{"line":21,"column":4},"end":{"line":21,"column":20}},"3":{"start":{"line":25,"column":17},"end":{"line":25,"column":30}},"4":{"start":{"line":26,"column":4},"end":{"line":26,"column":25}},"5":{"start":{"line":27,"column":4},"end":{"line":27,"column":20}},"6":{"start":{"line":32,"column":4},"end":{"line":40,"column":5}},"7":{"start":{"line":33,"column":6},"end":{"line":33,"column":21}},"8":{"start":{"line":34,"column":6},"end":{"line":34,"column":31}},"9":{"start":{"line":35,"column":11},"end":{"line":40,"column":5}},"10":{"start":{"line":36,"column":6},"end":{"line":36,"column":21}},"11":{"start":{"line":37,"column":6},"end":{"line":37,"column":22}},"12":{"start":{"line":39,"column":6},"end":{"line":39,"column":18}},"13":{"start":{"line":41,"column":4},"end":{"line":41,"column":21}},"14":{"start":{"line":45,"column":4},"end":{"line":47,"column":5}},"15":{"start":{"line":46,"column":6},"end":{"line":46,"column":28}},"16":{"start":{"line":48,"column":4},"end":{"line":48,"column":16}},"17":{"start":{"line":52,"column":4},"end":{"line":54,"column":5}},"18":{"start":{"line":53,"column":6},"end":{"line":53,"column":19}},"19":{"start":{"line":55,"column":4},"end":{"line":55,"column":16}},"20":{"start":{"line":67,"column":4},"end":{"line":67,"column":22}},"21":{"start":{"line":71,"column":17},"end":{"line":71,"column":30}},"22":{"start":{"line":72,"column":4},"end":{"line":75,"column":5}},"23":{"start":{"line":73,"column":6},"end":{"line":73,"column":24}},"24":{"start":{"line":74,"column":6},"end":{"line":74,"column":13}},"25":{"start":{"line":76,"column":18},"end":{"line":76,"column":28}},"26":{"start":{"line":77,"column":4},"end":{"line":79,"column":5}},"27":{"start":{"line":78,"column":6},"end":{"line":78,"column":29}},"28":{"start":{"line":80,"column":4},"end":{"line":80,"column":24}},"29":{"start":{"line":84,"column":4},"end":{"line":86,"column":5}},"30":{"start":{"line":85,"column":6},"end":{"line":85,"column":37}},"31":{"start":{"line":87,"column":21},"end":{"line":87,"column":37}},"32":{"start":{"line":88,"column":4},"end":{"line":88,"column":33}},"33":{"start":{"line":89,"column":4},"end":{"line":89,"column":20}},"34":{"start":{"line":94,"column":4},"end":{"line":96,"column":5}},"35":{"start":{"line":95,"column":6},"end":{"line":95,"column":37}},"36":{"start":{"line":97,"column":4},"end":{"line":99,"column":5}},"37":{"start":{"line":98,"column":6},"end":{"line":98,"column":30}},"38":{"start":{"line":103,"column":4},"end":{"line":105,"column":5}},"39":{"start":{"line":104,"column":6},"end":{"line":104,"column":18}},"40":{"start":{"line":106,"column":4},"end":{"line":106,"column":17}},"41":{"start":{"line":109,"column":0},"end":{"line":109,"column":40}}},"fnMap":{"0":{"name":"(anonymous_0)","decl":{"start":{"line":8,"column":2},"end":{"line":8,"column":3}},"loc":{"start":{"line":8,"column":21},"end":{"line":11,"column":3}},"line":8},"1":{"name":"(anonymous_1)","decl":{"start":{"line":20,"column":2},"end":{"line":20,"column":3}},"loc":{"start":{"line":20,"column":16},"end":{"line":22,"column":3}},"line":20},"2":{"name":"(anonymous_2)","decl":{"start":{"line":24,"column":2},"end":{"line":24,"column":3}},"loc":{"start":{"line":24,"column":12},"end":{"line":28,"column":3}},"line":24},"3":{"name":"(anonymous_3)","decl":{"start":{"line":30,"column":2},"end":{"line":30,"column":3}},"loc":{"start":{"line":30,"column":8},"end":{"line":42,"column":3}},"line":30},"4":{"name":"(anonymous_4)","decl":{"start":{"line":44,"column":2},"end":{"line":44,"column":3}},"loc":{"start":{"line":44,"column":9},"end":{"line":49,"column":3}},"line":44},"5":{"name":"(anonymous_5)","decl":{"start":{"line":51,"column":2},"end":{"line":51,"column":3}},"loc":{"start":{"line":51,"column":11},"end":{"line":56,"column":3}},"line":51},"6":{"name":"(anonymous_6)","decl":{"start":{"line":66,"column":2},"end":{"line":66,"column":3}},"loc":{"start":{"line":66,"column":16},"end":{"line":68,"column":3}},"line":66},"7":{"name":"(anonymous_7)","decl":{"start":{"line":70,"column":2},"end":{"line":70,"column":3}},"loc":{"start":{"line":70,"column":15},"end":{"line":81,"column":3}},"line":70},"8":{"name":"(anonymous_8)","decl":{"start":{"line":83,"column":2},"end":{"line":83,"column":3}},"loc":{"start":{"line":83,"column":12},"end":{"line":91,"column":3}},"line":83},"9":{"name":"(anonymous_9)","decl":{"start":{"line":93,"column":2},"end":{"line":93,"column":3}},"loc":{"start":{"line":93,"column":9},"end":{"line":100,"column":3}},"line":93},"10":{"name":"(anonymous_10)","decl":{"start":{"line":102,"column":2},"end":{"line":102,"column":3}},"loc":{"start":{"line":102,"column":11},"end":{"line":107,"column":3}},"line":102}},"branchMap":{"0":{"loc":{"start":{"line":32,"column":4},"end":{"line":40,"column":5}},"type":"if","locations":[{"start":{"line":32,"column":4},"end":{"line":40,"column":5}},{"start":{"line":32,"column":4},"end":{"line":40,"column":5}}],"line":32},"1":{"loc":{"start":{"line":35,"column":11},"end":{"line":40,"column":5}},"type":"if","locations":[{"start":{"line":35,"column":11},"end":{"line":40,"column":5}},{"start":{"line":35,"column":11},"end":{"line":40,"column":5}}],"line":35},"2":{"loc":{"start":{"line":45,"column":4},"end":{"line":47,"column":5}},"type":"if","locations":[{"start":{"line":45,"column":4},"end":{"line":47,"column":5}},{"start":{"line":45,"column":4},"end":{"line":47,"column":5}}],"line":45},"3":{"loc":{"start":{"line":52,"column":4},"end":{"line":54,"column":5}},"type":"if","locations":[{"start":{"line":52,"column":4},"end":{"line":54,"column":5}},{"start":{"line":52,"column":4},"end":{"line":54,"column":5}}],"line":52},"4":{"loc":{"start":{"line":72,"column":4},"end":{"line":75,"column":5}},"type":"if","locations":[{"start":{"line":72,"column":4},"end":{"line":75,"column":5}},{"start":{"line":72,"column":4},"end":{"line":75,"column":5}}],"line":72},"5":{"loc":{"start":{"line":84,"column":4},"end":{"line":86,"column":5}},"type":"if","locations":[{"start":{"line":84,"column":4},"end":{"line":86,"column":5}},{"start":{"line":84,"column":4},"end":{"line":86,"column":5}}],"line":84},"6":{"loc":{"start":{"line":94,"column":4},"end":{"line":96,"column":5}},"type":"if","locations":[{"start":{"line":94,"column":4},"end":{"line":96,"column":5}},{"start":{"line":94,"column":4},"end":{"line":96,"column":5}}],"line":94},"7":{"loc":{"start":{"line":97,"column":4},"end":{"line":99,"column":5}},"type":"if","locations":[{"start":{"line":97,"column":4},"end":{"line":99,"column":5}},{"start":{"line":97,"column":4},"end":{"line":99,"column":5}}],"line":97},"8":{"loc":{"start":{"line":103,"column":4},"end":{"line":105,"column":5}},"type":"if","locations":[{"start":{"line":103,"column":4},"end":{"line":105,"column":5}},{"start":{"line":103,"column":4},"end":{"line":105,"column":5}}],"line":103}},"s":{"0":56,"1":56,"2":19,"3":41,"4":41,"5":41,"6":29,"7":15,"8":15,"9":14,"10":14,"11":14,"12":0,"13":29,"14":1,"15":1,"16":0,"17":1,"18":0,"19":1,"20":7,"21":15,"22":15,"23":6,"24":6,"25":9,"26":9,"27":7,"28":9,"29":5,"30":0,"31":5,"32":5,"33":5,"34":5,"35":0,"36":5,"37":5,"38":2,"39":1,"40":1,"41":2},"f":{"0":56,"1":19,"2":41,"3":29,"4":1,"5":1,"6":7,"7":15,"8":5,"9":5,"10":2},"b":{"0":[15,14],"1":[14,0],"2":[1,0],"3":[0,1],"4":[6,9],"5":[0,5],"6":[0,5],"7":[5,0],"8":[1,1]},"_coverageSchema":"1a1c01bbd47fc00a2c39e90264f33305004495a9","hash":"acdf183e6da57166f940eb8ec85dd0fcb14ea4b7"}
,"/mnt/c/Users/ashjan/ltuc/401/data-structures-and-algorithms/code-challenges/arrayBinarySearch/array-binary-search.js": {"path":"/mnt/c/Users/ashjan/ltuc/401/data-structures-and-algorithms/code-challenges/arrayBinarySearch/array-binary-search.js","statementMap":{"0":{"start":{"line":1,"column":19},"end":{"line":21,"column":1}},"1":{"start":{"line":2,"column":14},"end":{"line":2,"column":15}},"2":{"start":{"line":3,"column":12},"end":{"line":3,"column":26}},"3":{"start":{"line":5,"column":2},"end":{"line":18,"column":3}},"4":{"start":{"line":7,"column":14},"end":{"line":7,"column":43}},"5":{"start":{"line":9,"column":4},"end":{"line":17,"column":5}},"6":{"start":{"line":10,"column":6},"end":{"line":10,"column":17}},"7":{"start":{"line":11,"column":11},"end":{"line":17,"column":5}},"8":{"start":{"line":12,"column":6},"end":{"line":12,"column":17}},"9":{"start":{"line":13,"column":11},"end":{"line":17,"column":5}},"10":{"start":{"line":14,"column":6},"end":{"line":14,"column":20}},"11":{"start":{"line":16,"column":6},"end":{"line":16,"column":22}},"12":{"start":{"line":20,"column":2},"end":{"line":20,"column":12}},"13":{"start":{"line":23,"column":0},"end":{"line":23,"column":30}}},"fnMap":{"0":{"name":"(anonymous_0)","decl":{"start":{"line":1,"column":19},"end":{"line":1,"column":20}},"loc":{"start":{"line":1,"column":33},"end":{"line":21,"column":1}},"line":1}},"branchMap":{"0":{"loc":{"start":{"line":9,"column":4},"end":{"line":17,"column":5}},"type":"if","locations":[{"start":{"line":9,"column":4},"end":{"line":17,"column":5}},{"start":{"line":9,"column":4},"end":{"line":17,"column":5}}],"line":9},"1":{"loc":{"start":{"line":11,"column":11},"end":{"line":17,"column":5}},"type":"if","locations":[{"start":{"line":11,"column":11},"end":{"line":17,"column":5}},{"start":{"line":11,"column":11},"end":{"line":17,"column":5}}],"line":11},"2":{"loc":{"start":{"line":13,"column":11},"end":{"line":17,"column":5}},"type":"if","locations":[{"start":{"line":13,"column":11},"end":{"line":17,"column":5}},{"start":{"line":13,"column":11},"end":{"line":17,"column":5}}],"line":13}},"s":{"0":1,"1":9,"2":9,"3":9,"4":18,"5":18,"6":2,"7":16,"8":1,"9":15,"10":2,"11":13,"12":6,"13":1},"f":{"0":9},"b":{"0":[2,16],"1":[1,15],"2":[2,13]},"_coverageSchema":"1a1c01bbd47fc00a2c39e90264f33305004495a9","hash":"676f9356fdf28a59a548b12afbe5baa638e40afb"}
,"/mnt/c/Users/ashjan/ltuc/401/data-structures-and-algorithms/code-challenges/arrayShift/array-shift.js": {"path":"/mnt/c/Users/ashjan/ltuc/401/data-structures-and-algorithms/code-challenges/arrayShift/array-shift.js","statementMap":{"0":{"start":{"line":1,"column":23},"end":{"line":27,"column":1}},"1":{"start":{"line":2,"column":4},"end":{"line":6,"column":5}},"2":{"start":{"line":3,"column":8},"end":{"line":3,"column":55}},"3":{"start":{"line":4,"column":11},"end":{"line":6,"column":5}},"4":{"start":{"line":5,"column":8},"end":{"line":5,"column":64}},"5":{"start":{"line":8,"column":19},"end":{"line":8,"column":21}},"6":{"start":{"line":9,"column":16},"end":{"line":9,"column":45}},"7":{"start":{"line":11,"column":4},"end":{"line":24,"column":5}},"8":{"start":{"line":11,"column":17},"end":{"line":11,"column":18}},"9":{"start":{"line":12,"column":8},"end":{"line":14,"column":9}},"10":{"start":{"line":13,"column":12},"end":{"line":13,"column":31}},"11":{"start":{"line":16,"column":8},"end":{"line":19,"column":9}},"12":{"start":{"line":17,"column":12},"end":{"line":17,"column":31}},"13":{"start":{"line":18,"column":12},"end":{"line":18,"column":32}},"14":{"start":{"line":21,"column":8},"end":{"line":23,"column":9}},"15":{"start":{"line":22,"column":12},"end":{"line":22,"column":35}},"16":{"start":{"line":26,"column":4},"end":{"line":26,"column":18}},"17":{"start":{"line":29,"column":0},"end":{"line":29,"column":34}}},"fnMap":{"0":{"name":"(anonymous_0)","decl":{"start":{"line":1,"column":23},"end":{"line":1,"column":24}},"loc":{"start":{"line":1,"column":37},"end":{"line":27,"column":1}},"line":1}},"branchMap":{"0":{"loc":{"start":{"line":2,"column":4},"end":{"line":6,"column":5}},"type":"if","locations":[{"start":{"line":2,"column":4},"end":{"line":6,"column":5}},{"start":{"line":2,"column":4},"end":{"line":6,"column":5}}],"line":2},"1":{"loc":{"start":{"line":2,"column":8},"end":{"line":2,"column":20}},"type":"binary-expr","locations":[{"start":{"line":2,"column":8},"end":{"line":2,"column":12}},{"start":{"line":2,"column":16},"end":{"line":2,"column":20}}],"line":2},"2":{"loc":{"start":{"line":4,"column":11},"end":{"line":6,"column":5}},"type":"if","locations":[{"start":{"line":4,"column":11},"end":{"line":6,"column":5}},{"start":{"line":4,"column":11},"end":{"line":6,"column":5}}],"line":4},"3":{"loc":{"start":{"line":12,"column":8},"end":{"line":14,"column":9}},"type":"if","locations":[{"start":{"line":12,"column":8},"end":{"line":14,"column":9}},{"start":{"line":12,"column":8},"end":{"line":14,"column":9}}],"line":12},"4":{"loc":{"start":{"line":16,"column":8},"end":{"line":19,"column":9}},"type":"if","locations":[{"start":{"line":16,"column":8},"end":{"line":19,"column":9}},{"start":{"line":16,"column":8},"end":{"line":19,"column":9}}],"line":16},"5":{"loc":{"start":{"line":21,"column":8},"end":{"line":23,"column":9}},"type":"if","locations":[{"start":{"line":21,"column":8},"end":{"line":23,"column":9}},{"start":{"line":21,"column":8},"end":{"line":23,"column":9}}],"line":21}},"s":{"0":1,"1":6,"2":2,"3":4,"4":1,"5":3,"6":3,"7":3,"8":3,"9":11,"10":3,"11":11,"12":3,"13":3,"14":11,"15":5,"16":3,"17":1},"f":{"0":6},"b":{"0":[2,4],"1":[6,5],"2":[1,3],"3":[3,8],"4":[3,8],"5":[5,6]},"_coverageSchema":"1a1c01bbd47fc00a2c39e90264f33305004495a9","hash":"944e25c039ba2385d34e08af4fab44e935378d09"}
,"/mnt/c/Users/ashjan/ltuc/401/data-structures-and-algorithms/code-challenges/fifoAnimalShelter/fifo-animal-shelter.js": {"path":"/mnt/c/Users/ashjan/ltuc/401/data-structures-and-algorithms/code-challenges/fifoAnimalShelter/fifo-animal-shelter.js","statementMap":{"0":{"start":{"line":3,"column":17},"end":{"line":3,"column":72}},"1":{"start":{"line":7,"column":4},"end":{"line":7,"column":21}},"2":{"start":{"line":8,"column":4},"end":{"line":8,"column":22}},"3":{"start":{"line":12,"column":4},"end":{"line":14,"column":5}},"4":{"start":{"line":13,"column":6},"end":{"line":13,"column":18}},"5":{"start":{"line":15,"column":17},"end":{"line":15,"column":33}},"6":{"start":{"line":16,"column":4},"end":{"line":18,"column":5}},"7":{"start":{"line":17,"column":6},"end":{"line":17,"column":28}},"8":{"start":{"line":19,"column":4},"end":{"line":19,"column":21}},"9":{"start":{"line":20,"column":4},"end":{"line":22,"column":5}},"10":{"start":{"line":21,"column":6},"end":{"line":21,"column":24}},"11":{"start":{"line":26,"column":4},"end":{"line":28,"column":5}},"12":{"start":{"line":27,"column":6},"end":{"line":27,"column":18}},"13":{"start":{"line":29,"column":18},"end":{"line":29,"column":28}},"14":{"start":{"line":30,"column":4},"end":{"line":32,"column":5}},"15":{"start":{"line":31,"column":6},"end":{"line":31,"column":18}},"16":{"start":{"line":34,"column":4},"end":{"line":42,"column":5}},"17":{"start":{"line":35,"column":6},"end":{"line":41,"column":7}},"18":{"start":{"line":36,"column":8},"end":{"line":36,"column":26}},"19":{"start":{"line":37,"column":8},"end":{"line":37,"column":25}},"20":{"start":{"line":38,"column":8},"end":{"line":38,"column":29}},"21":{"start":{"line":40,"column":8},"end":{"line":40,"column":20}},"22":{"start":{"line":44,"column":4},"end":{"line":47,"column":5}},"23":{"start":{"line":45,"column":6},"end":{"line":45,"column":32}},"24":{"start":{"line":46,"column":6},"end":{"line":46,"column":27}},"25":{"start":{"line":50,"column":4},"end":{"line":50,"column":32}},"26":{"start":{"line":51,"column":4},"end":{"line":51,"column":29}},"27":{"start":{"line":52,"column":4},"end":{"line":52,"column":30}},"28":{"start":{"line":53,"column":4},"end":{"line":53,"column":25}},"29":{"start":{"line":55,"column":4},"end":{"line":65,"column":5}},"30":{"start":{"line":56,"column":6},"end":{"line":56,"column":34}},"31":{"start":{"line":57,"column":6},"end":{"line":57,"column":32}},"32":{"start":{"line":58,"column":6},"end":{"line":58,"column":27}},"33":{"start":{"line":59,"column":6},"end":{"line":64,"column":7}},"34":{"start":{"line":60,"column":8},"end":{"line":60,"column":34}},"35":{"start":{"line":61,"column":8},"end":{"line":61,"column":25}},"36":{"start":{"line":62,"column":8},"end":{"line":62,"column":29}},"37":{"start":{"line":63,"column":8},"end":{"line":63,"column":14}},"38":{"start":{"line":66,"column":4},"end":{"line":70,"column":5}},"39":{"start":{"line":67,"column":6},"end":{"line":67,"column":34}},"40":{"start":{"line":68,"column":6},"end":{"line":68,"column":32}},"41":{"start":{"line":69,"column":6},"end":{"line":69,"column":27}},"42":{"start":{"line":71,"column":4},"end":{"line":71,"column":30}},"43":{"start":{"line":72,"column":4},"end":{"line":72,"column":24}},"44":{"start":{"line":76,"column":0},"end":{"line":76,"column":31}}},"fnMap":{"0":{"name":"(anonymous_0)","decl":{"start":{"line":6,"column":2},"end":{"line":6,"column":3}},"loc":{"start":{"line":6,"column":16},"end":{"line":9,"column":3}},"line":6},"1":{"name":"(anonymous_1)","decl":{"start":{"line":11,"column":2},"end":{"line":11,"column":3}},"loc":{"start":{"line":11,"column":18},"end":{"line":23,"column":3}},"line":11},"2":{"name":"(anonymous_2)","decl":{"start":{"line":25,"column":2},"end":{"line":25,"column":3}},"loc":{"start":{"line":25,"column":16},"end":{"line":73,"column":3}},"line":25}},"branchMap":{"0":{"loc":{"start":{"line":12,"column":4},"end":{"line":14,"column":5}},"type":"if","locations":[{"start":{"line":12,"column":4},"end":{"line":14,"column":5}},{"start":{"line":12,"column":4},"end":{"line":14,"column":5}}],"line":12},"1":{"loc":{"start":{"line":12,"column":8},"end":{"line":12,"column":44}},"type":"binary-expr","locations":[{"start":{"line":12,"column":8},"end":{"line":12,"column":24}},{"start":{"line":12,"column":28},"end":{"line":12,"column":44}}],"line":12},"2":{"loc":{"start":{"line":16,"column":4},"end":{"line":18,"column":5}},"type":"if","locations":[{"start":{"line":16,"column":4},"end":{"line":18,"column":5}},{"start":{"line":16,"column":4},"end":{"line":18,"column":5}}],"line":16},"3":{"loc":{"start":{"line":20,"column":4},"end":{"line":22,"column":5}},"type":"if","locations":[{"start":{"line":20,"column":4},"end":{"line":22,"column":5}},{"start":{"line":20,"column":4},"end":{"line":22,"column":5}}],"line":20},"4":{"loc":{"start":{"line":26,"column":4},"end":{"line":28,"column":5}},"type":"if","locations":[{"start":{"line":26,"column":4},"end":{"line":28,"column":5}},{"start":{"line":26,"column":4},"end":{"line":28,"column":5}}],"line":26},"5":{"loc":{"start":{"line":26,"column":8},"end":{"line":26,"column":40}},"type":"binary-expr","locations":[{"start":{"line":26,"column":8},"end":{"line":26,"column":22}},{"start":{"line":26,"column":26},"end":{"line":26,"column":40}}],"line":26},"6":{"loc":{"start":{"line":30,"column":4},"end":{"line":32,"column":5}},"type":"if","locations":[{"start":{"line":30,"column":4},"end":{"line":32,"column":5}},{"start":{"line":30,"column":4},"end":{"line":32,"column":5}}],"line":30},"7":{"loc":{"start":{"line":34,"column":4},"end":{"line":42,"column":5}},"type":"if","locations":[{"start":{"line":34,"column":4},"end":{"line":42,"column":5}},{"start":{"line":34,"column":4},"end":{"line":42,"column":5}}],"line":34},"8":{"loc":{"start":{"line":35,"column":6},"end":{"line":41,"column":7}},"type":"if","locations":[{"start":{"line":35,"column":6},"end":{"line":41,"column":7}},{"start":{"line":35,"column":6},"end":{"line":41,"column":7}}],"line":35},"9":{"loc":{"start":{"line":44,"column":4},"end":{"line":47,"column":5}},"type":"if","locations":[{"start":{"line":44,"column":4},"end":{"line":47,"column":5}},{"start":{"line":44,"column":4},"end":{"line":47,"column":5}}],"line":44},"10":{"loc":{"start":{"line":59,"column":6},"end":{"line":64,"column":7}},"type":"if","locations":[{"start":{"line":59,"column":6},"end":{"line":64,"column":7}},{"start":{"line":59,"column":6},"end":{"line":64,"column":7}}],"line":59}},"s":{"0":1,"1":11,"2":11,"3":30,"4":1,"5":29,"6":29,"7":22,"8":29,"9":29,"10":7,"11":9,"12":1,"13":8,"14":8,"15":1,"16":7,"17":3,"18":2,"19":2,"20":2,"21":1,"22":4,"23":2,"24":2,"25":2,"26":2,"27":2,"28":2,"29":2,"30":5,"31":5,"32":5,"33":5,"34":2,"35":2,"36":2,"37":2,"38":2,"39":2,"40":2,"41":2,"42":2,"43":2,"44":1},"f":{"0":11,"1":30,"2":9},"b":{"0":[1,29],"1":[30,21],"2":[22,7],"3":[7,22],"4":[1,8],"5":[9,4],"6":[1,7],"7":[3,4],"8":[2,1],"9":[2,2],"10":[2,3]},"_coverageSchema":"1a1c01bbd47fc00a2c39e90264f33305004495a9","hash":"b60e8b880c20b22d331d2c36974661b9c1a25efd"}
,"/mnt/c/Users/ashjan/ltuc/401/data-structures-and-algorithms/code-challenges/llZip/ll-zip.js": {"path":"/mnt/c/Users/ashjan/ltuc/401/data-structures-and-algorithms/code-challenges/llZip/ll-zip.js","statementMap":{"0":{"start":{"line":3,"column":17},"end":{"line":28,"column":1}},"1":{"start":{"line":4,"column":2},"end":{"line":6,"column":3}},"2":{"start":{"line":5,"column":4},"end":{"line":5,"column":50}},"3":{"start":{"line":7,"column":17},"end":{"line":7,"column":23}},"4":{"start":{"line":8,"column":17},"end":{"line":8,"column":23}},"5":{"start":{"line":10,"column":2},"end":{"line":14,"column":3}},"6":{"start":{"line":11,"column":4},"end":{"line":11,"column":20}},"7":{"start":{"line":12,"column":9},"end":{"line":14,"column":3}},"8":{"start":{"line":13,"column":4},"end":{"line":13,"column":20}},"9":{"start":{"line":16,"column":2},"end":{"line":22,"column":3}},"10":{"start":{"line":17,"column":4},"end":{"line":17,"column":27}},"11":{"start":{"line":18,"column":4},"end":{"line":18,"column":34}},"12":{"start":{"line":19,"column":4},"end":{"line":19,"column":29}},"13":{"start":{"line":20,"column":4},"end":{"line":20,"column":29}},"14":{"start":{"line":21,"column":4},"end":{"line":21,"column":22}},"15":{"start":{"line":24,"column":2},"end":{"line":26,"column":3}},"16":{"start":{"line":25,"column":4},"end":{"line":25,"column":29}},"17":{"start":{"line":27,"column":2},"end":{"line":27,"column":16}},"18":{"start":{"line":30,"column":0},"end":{"line":30,"column":26}}},"fnMap":{"0":{"name":"(anonymous_0)","decl":{"start":{"line":3,"column":17},"end":{"line":3,"column":18}},"loc":{"start":{"line":3,"column":27},"end":{"line":28,"column":1}},"line":3}},"branchMap":{"0":{"loc":{"start":{"line":4,"column":2},"end":{"line":6,"column":3}},"type":"if","locations":[{"start":{"line":4,"column":2},"end":{"line":6,"column":3}},{"start":{"line":4,"column":2},"end":{"line":6,"column":3}}],"line":4},"1":{"loc":{"start":{"line":4,"column":6},"end":{"line":4,"column":52}},"type":"binary-expr","locations":[{"start":{"line":4,"column":6},"end":{"line":4,"column":27}},{"start":{"line":4,"column":31},"end":{"line":4,"column":52}}],"line":4},"2":{"loc":{"start":{"line":10,"column":2},"end":{"line":14,"column":3}},"type":"if","locations":[{"start":{"line":10,"column":2},"end":{"line":14,"column":3}},{"start":{"line":10,"column":2},"end":{"line":14,"column":3}}],"line":10},"3":{"loc":{"start":{"line":12,"column":9},"end":{"line":14,"column":3}},"type":"if","locations":[{"start":{"line":12,"column":9},"end":{"line":14,"column":3}},{"start":{"line":12,"column":9},"end":{"line":14,"column":3}}],"line":12},"4":{"loc":{"start":{"line":16,"column":9},"end":{"line":16,"column":39}},"type":"binary-expr","locations":[{"start":{"line":16,"column":9},"end":{"line":16,"column":22}},{"start":{"line":16,"column":26},"end":{"line":16,"column":39}}],"line":16},"5":{"loc":{"start":{"line":24,"column":2},"end":{"line":26,"column":3}},"type":"if","locations":[{"start":{"line":24,"column":2},"end":{"line":26,"column":3}},{"start":{"line":24,"column":2},"end":{"line":26,"column":3}}],"line":24}},"s":{"0":1,"1":7,"2":1,"3":6,"4":6,"5":6,"6":2,"7":4,"8":1,"9":3,"10":3,"11":3,"12":3,"13":3,"14":3,"15":3,"16":3,"17":3,"18":1},"f":{"0":7},"b":{"0":[1,6],"1":[7,6],"2":[2,4],"3":[1,3],"4":[6,4],"5":[3,0]},"_coverageSchema":"1a1c01bbd47fc00a2c39e90264f33305004495a9","hash":"0b6417a7ce3dd4d9d830dea905ca6cf3f09035d1"}
,"/mnt/c/Users/ashjan/ltuc/401/data-structures-and-algorithms/code-challenges/queueWithStacks/queue-with-stacks.js": {"path":"/mnt/c/Users/ashjan/ltuc/401/data-structures-and-algorithms/code-challenges/queueWithStacks/queue-with-stacks.js","statementMap":{"0":{"start":{"line":3,"column":18},"end":{"line":3,"column":84}},"1":{"start":{"line":7,"column":4},"end":{"line":7,"column":28}},"2":{"start":{"line":8,"column":4},"end":{"line":8,"column":28}},"3":{"start":{"line":11,"column":4},"end":{"line":14,"column":5}},"4":{"start":{"line":12,"column":22},"end":{"line":12,"column":37}},"5":{"start":{"line":13,"column":6},"end":{"line":13,"column":30}},"6":{"start":{"line":15,"column":4},"end":{"line":15,"column":26}},"7":{"start":{"line":16,"column":4},"end":{"line":19,"column":5}},"8":{"start":{"line":17,"column":22},"end":{"line":17,"column":37}},"9":{"start":{"line":18,"column":6},"end":{"line":18,"column":30}},"10":{"start":{"line":22,"column":4},"end":{"line":24,"column":5}},"11":{"start":{"line":23,"column":6},"end":{"line":23,"column":29}},"12":{"start":{"line":25,"column":4},"end":{"line":25,"column":16}},"13":{"start":{"line":29,"column":0},"end":{"line":29,"column":29}}},"fnMap":{"0":{"name":"(anonymous_0)","decl":{"start":{"line":6,"column":2},"end":{"line":6,"column":3}},"loc":{"start":{"line":6,"column":16},"end":{"line":9,"column":3}},"line":6},"1":{"name":"(anonymous_1)","decl":{"start":{"line":10,"column":2},"end":{"line":10,"column":3}},"loc":{"start":{"line":10,"column":17},"end":{"line":20,"column":3}},"line":10},"2":{"name":"(anonymous_2)","decl":{"start":{"line":21,"column":2},"end":{"line":21,"column":3}},"loc":{"start":{"line":21,"column":12},"end":{"line":26,"column":3}},"line":21}},"branchMap":{"0":{"loc":{"start":{"line":22,"column":4},"end":{"line":24,"column":5}},"type":"if","locations":[{"start":{"line":22,"column":4},"end":{"line":24,"column":5}},{"start":{"line":22,"column":4},"end":{"line":24,"column":5}}],"line":22}},"s":{"0":1,"1":6,"2":6,"3":10,"4":10,"5":10,"6":10,"7":10,"8":10,"9":10,"10":6,"11":5,"12":1,"13":1},"f":{"0":6,"1":10,"2":6},"b":{"0":[5,1]},"_coverageSchema":"1a1c01bbd47fc00a2c39e90264f33305004495a9","hash":"eb8739b7d867c9930dfaf69ae5bdd1dad164b1a2"}
}
