TN:
SF:Data-Structures/linkedList/linked-list.js
FN:4,(anonymous_0)
FN:11,(anonymous_1)
FN:15,(anonymous_2)
FN:21,(anonymous_3)
FN:33,(anonymous_4)
FN:42,(anonymous_5)
FN:48,(anonymous_6)
FN:61,(anonymous_7)
FN:73,(anonymous_8)
FN:93,(anonymous_9)
FNF:10
FNH:10
FNDA:48,(anonymous_0)
FNDA:28,(anonymous_1)
FNDA:16,(anonymous_2)
FNDA:2,(anonymous_3)
FNDA:1,(anonymous_4)
FNDA:3,(anonymous_5)
FNDA:28,(anonymous_6)
FNDA:2,(anonymous_7)
FNDA:2,(anonymous_8)
FNDA:5,(anonymous_9)
DA:5,48
DA:6,48
DA:12,28
DA:16,16
DA:17,16
DA:18,16
DA:22,2
DA:23,2
DA:24,2
DA:25,1
DA:27,1
DA:29,1
DA:34,1
DA:35,1
DA:36,1
DA:37,1
DA:38,3
DA:39,3
DA:40,3
DA:42,1
DA:43,3
DA:45,1
DA:49,28
DA:50,28
DA:51,12
DA:52,12
DA:54,16
DA:55,16
DA:56,8
DA:58,16
DA:62,2
DA:63,2
DA:64,2
DA:65,2
DA:66,2
DA:67,2
DA:68,2
DA:74,2
DA:75,2
DA:77,2
DA:78,1
DA:79,1
DA:80,1
DA:83,1
DA:84,2
DA:85,1
DA:86,1
DA:87,1
DA:89,1
DA:94,5
DA:95,1
DA:97,4
DA:98,4
DA:99,4
DA:100,9
DA:101,9
DA:103,4
DA:104,1
DA:108,3
DA:109,3
DA:110,1
DA:112,3
DA:117,2
LF:63
LH:63
BRDA:24,0,0,1
BRDA:24,0,1,1
BRDA:50,1,0,12
BRDA:50,1,1,16
BRDA:65,2,0,2
BRDA:65,2,1,0
BRDA:77,3,0,1
BRDA:77,3,1,1
BRDA:84,4,0,1
BRDA:84,4,1,1
BRDA:94,5,0,1
BRDA:94,5,1,4
BRDA:103,6,0,1
BRDA:103,6,1,3
BRF:14
BRH:13
end_of_record
TN:
SF:Data-Structures/stacksAndQueues/stacks-and-queues.js
FN:8,(anonymous_0)
FN:20,(anonymous_1)
FN:24,(anonymous_2)
FN:30,(anonymous_3)
FN:44,(anonymous_4)
FN:51,(anonymous_5)
FN:66,(anonymous_6)
FN:70,(anonymous_7)
FN:83,(anonymous_8)
FN:93,(anonymous_9)
FN:102,(anonymous_10)
FNF:11
FNH:11
FNDA:56,(anonymous_0)
FNDA:19,(anonymous_1)
FNDA:41,(anonymous_2)
FNDA:29,(anonymous_3)
FNDA:1,(anonymous_4)
FNDA:1,(anonymous_5)
FNDA:7,(anonymous_6)
FNDA:15,(anonymous_7)
FNDA:5,(anonymous_8)
FNDA:5,(anonymous_9)
FNDA:2,(anonymous_10)
DA:9,56
DA:10,56
DA:21,19
DA:25,41
DA:26,41
DA:27,41
DA:32,29
DA:33,15
DA:34,15
DA:35,14
DA:36,14
DA:37,14
DA:39,0
DA:41,29
DA:45,1
DA:46,1
DA:48,0
DA:52,1
DA:53,0
DA:55,1
DA:67,7
DA:71,15
DA:72,15
DA:73,6
DA:74,6
DA:76,9
DA:77,9
DA:78,7
DA:80,9
DA:84,5
DA:85,0
DA:87,5
DA:88,5
DA:89,5
DA:94,5
DA:95,0
DA:97,5
DA:98,5
DA:103,2
DA:104,1
DA:106,1
DA:109,2
LF:42
LH:37
BRDA:32,0,0,15
BRDA:32,0,1,14
BRDA:35,1,0,14
BRDA:35,1,1,0
BRDA:45,2,0,1
BRDA:45,2,1,0
BRDA:52,3,0,0
BRDA:52,3,1,1
BRDA:72,4,0,6
BRDA:72,4,1,9
BRDA:84,5,0,0
BRDA:84,5,1,5
BRDA:94,6,0,0
BRDA:94,6,1,5
BRDA:97,7,0,5
BRDA:97,7,1,0
BRDA:103,8,0,1
BRDA:103,8,1,1
BRF:18
BRH:12
end_of_record
TN:
SF:code-challenges/arrayBinarySearch/array-binary-search.js
FN:1,(anonymous_0)
FNF:1
FNH:1
FNDA:9,(anonymous_0)
DA:1,1
DA:2,9
DA:3,9
DA:5,9
DA:7,18
DA:9,18
DA:10,2
DA:11,16
DA:12,1
DA:13,15
DA:14,2
DA:16,13
DA:20,6
DA:23,1
LF:14
LH:14
BRDA:9,0,0,2
BRDA:9,0,1,16
BRDA:11,1,0,1
BRDA:11,1,1,15
BRDA:13,2,0,2
BRDA:13,2,1,13
BRF:6
BRH:6
end_of_record
TN:
SF:code-challenges/arrayShift/array-shift.js
FN:1,(anonymous_0)
FNF:1
FNH:1
FNDA:6,(anonymous_0)
DA:1,1
DA:2,6
DA:3,2
DA:4,4
DA:5,1
DA:8,3
DA:9,3
DA:11,3
DA:12,11
DA:13,3
DA:16,11
DA:17,3
DA:18,3
DA:21,11
DA:22,5
DA:26,3
DA:29,1
LF:17
LH:17
BRDA:2,0,0,2
BRDA:2,0,1,4
BRDA:2,1,0,6
BRDA:2,1,1,5
BRDA:4,2,0,1
BRDA:4,2,1,3
BRDA:12,3,0,3
BRDA:12,3,1,8
BRDA:16,4,0,3
BRDA:16,4,1,8
BRDA:21,5,0,5
BRDA:21,5,1,6
BRF:12
BRH:12
end_of_record
TN:
SF:code-challenges/llZip/ll-zip.js
FN:3,(anonymous_0)
FNF:1
FNH:1
FNDA:7,(anonymous_0)
DA:3,1
DA:4,7
DA:5,1
DA:7,6
DA:8,6
DA:10,6
DA:11,2
DA:12,4
DA:13,1
DA:16,3
DA:17,3
DA:18,3
DA:19,3
DA:20,3
DA:21,3
DA:24,3
DA:25,3
DA:27,3
DA:30,1
LF:19
LH:19
BRDA:4,0,0,1
BRDA:4,0,1,6
BRDA:4,1,0,7
BRDA:4,1,1,6
BRDA:10,2,0,2
BRDA:10,2,1,4
BRDA:12,3,0,1
BRDA:12,3,1,3
BRDA:16,4,0,6
BRDA:16,4,1,4
BRDA:24,5,0,3
BRDA:24,5,1,0
BRF:12
BRH:11
end_of_record
TN:
SF:code-challenges/queueWithStacks/queue-with-stacks.js
FN:6,(anonymous_0)
FN:10,(anonymous_1)
FN:21,(anonymous_2)
FNF:3
FNH:3
FNDA:6,(anonymous_0)
FNDA:10,(anonymous_1)
FNDA:6,(anonymous_2)
DA:3,1
DA:7,6
DA:8,6
DA:11,10
DA:12,10
DA:13,10
DA:15,10
DA:16,10
DA:17,10
DA:18,10
DA:22,6
DA:23,5
DA:25,1
DA:29,1
LF:14
LH:14
BRDA:22,0,0,5
BRDA:22,0,1,1
BRF:2
BRH:2
end_of_record
